Using pre-set license
Built from '2020.3/staging' branch; Version is '2020.3.5f1 (8095aa901b9b) revision 8426922'; Using compiler version '192528614'; Build Type 'Release'
OS: 'Windows 10 Pro; OS build 19043.1466; Version 2009; 64bit' Language: 'de' Physical Memory: 31644 MB
BatchMode: 1, IsHumanControllingUs: 0, StartBugReporterOnCrash: 0, Is64bit: 1, IsPro: 0

 COMMAND LINE ARGUMENTS:
C:\Program Files\Unity\Hub\Editor\2020.3.5f1\Editor\Unity.exe
-adb2
-batchMode
-noUpm
-name
AssetImportWorker0
-projectPath
C:/Users/Soyar/Google Drive/coding/Unity_Poject_1/Project 1
-logFile
Logs/AssetImportWorker0.log
-srvPort
55965
Successfully changed project path to: C:/Users/Soyar/Google Drive/coding/Unity_Poject_1/Project 1
C:/Users/Soyar/Google Drive/coding/Unity_Poject_1/Project 1
Using Asset Import Pipeline V2.
Refreshing native plugins compatible for Editor in 37.19 ms, found 0 plugins.
Preloading 0 native plugins for Editor in 0.00 ms.
Initialize engine version: 2020.3.5f1 (8095aa901b9b)
[Subsystems] Discovering subsystems at path C:/Program Files/Unity/Hub/Editor/2020.3.5f1/Editor/Data/Resources/UnitySubsystems
[Subsystems] Discovering subsystems at path C:/Users/Soyar/Google Drive/coding/Unity_Poject_1/Project 1/Assets
GfxDevice: creating device client; threaded=0
Direct3D:
    Version:  Direct3D 11.0 [level 11.1]
    Renderer: Radeon RX 560X Series (ID=0x67ef)
    Vendor:   
    VRAM:     4075 MB
    Driver:   30.0.13023.1012
Initialize mono
Mono path[0] = 'C:/Program Files/Unity/Hub/Editor/2020.3.5f1/Editor/Data/Managed'
Mono path[1] = 'C:/Program Files/Unity/Hub/Editor/2020.3.5f1/Editor/Data/MonoBleedingEdge/lib/mono/unityjit'
Mono config path = 'C:/Program Files/Unity/Hub/Editor/2020.3.5f1/Editor/Data/MonoBleedingEdge/etc'
Using monoOptions --debugger-agent=transport=dt_socket,embedding=1,server=y,suspend=n,address=127.0.0.1:56304
Begin MonoManager ReloadAssembly
Registering precompiled unity dll's ...
Register platform support module: C:/Program Files/Unity/Hub/Editor/2020.3.5f1/Editor/Data/PlaybackEngines/WebGLSupport/UnityEditor.WebGL.Extensions.dll
Register platform support module: C:/Program Files/Unity/Hub/Editor/2020.3.5f1/Editor/Data/PlaybackEngines/WindowsStandaloneSupport/UnityEditor.WindowsStandalone.Extensions.dll
Registered in 0.004789 seconds.
Native extension for WindowsStandalone target not found
Native extension for WebGL target not found
Refreshing native plugins compatible for Editor in 38.76 ms, found 0 plugins.
Preloading 0 native plugins for Editor in 0.00 ms.
Mono: successfully reloaded assembly
- Completed reload, in  1.777 seconds
Platform modules already initialized, skipping
Registering precompiled user dll's ...
Registered in 0.001062 seconds.
Begin MonoManager ReloadAssembly
Native extension for WindowsStandalone target not found
Native extension for WebGL target not found
Refreshing native plugins compatible for Editor in 0.37 ms, found 0 plugins.
Preloading 0 native plugins for Editor in 0.00 ms.
Mono: successfully reloaded assembly
- Completed reload, in  1.356 seconds
Platform modules already initialized, skipping
========================================================================
Worker process is ready to serve import requests
Launched and connected shader compiler UnityShaderCompiler.exe after 0.08 seconds
Refreshing native plugins compatible for Editor in 0.25 ms, found 0 plugins.
Preloading 0 native plugins for Editor in 0.00 ms.
Unloading 1115 Unused Serialized files (Serialized files now loaded: 0)
System memory in use before: 57.1 MB.
System memory in use after: 57.2 MB.

Unloading 10 unused Assets to reduce memory usage. Loaded Objects now: 1557.
Total: 2.700200 ms (FindLiveObjects: 0.192100 ms CreateObjectMapping: 0.061400 ms MarkObjects: 2.329900 ms  DeleteObjects: 0.115000 ms)

========================================================================
Received Import Request.
  path: Assets/materials
  artifactKey: Guid(fb5d03f92780ebd4482c0da0ac15c336) Importer(815301076,1909f56bfc062723c751e8b465ee728b)
Start importing Assets/materials using Guid(fb5d03f92780ebd4482c0da0ac15c336) Importer(815301076,1909f56bfc062723c751e8b465ee728b)  -> (artifact id: 'a220a5f89a9ace80f9e09252d46bf833') in 0.014899 seconds
  Import took 0.017704 seconds .

========================================================================
Received Import Request.
  Time since last request: 5.877998 seconds.
  path: Assets/materials/green.mat
  artifactKey: Guid(6c2e2f22e041f6e4bb51dd780d745f75) Importer(815301076,1909f56bfc062723c751e8b465ee728b)
Start importing Assets/materials/green.mat using Guid(6c2e2f22e041f6e4bb51dd780d745f75) Importer(815301076,1909f56bfc062723c751e8b465ee728b)  -> (artifact id: '43f9d662ae3399b0912f5f5852b965a0') in 0.291648 seconds
  Import took 0.294354 seconds .

========================================================================
Received Import Request.
  Time since last request: 50.452823 seconds.
  path: Assets/materials/gray.mat
  artifactKey: Guid(10392b4d5c03fc24fa2fada062daa6b6) Importer(815301076,1909f56bfc062723c751e8b465ee728b)
Start importing Assets/materials/gray.mat using Guid(10392b4d5c03fc24fa2fada062daa6b6) Importer(815301076,1909f56bfc062723c751e8b465ee728b)  -> (artifact id: '7dbe72fb54b5f55eed4e354afd0a345c') in 0.023826 seconds
  Import took 0.026921 seconds .

========================================================================
Received Prepare
Registering precompiled user dll's ...
Registered in 0.001460 seconds.
Begin MonoManager ReloadAssembly
Native extension for WindowsStandalone target not found
Native extension for WebGL target not found
Refreshing native plugins compatible for Editor in 0.53 ms, found 0 plugins.
Preloading 0 native plugins for Editor in 0.00 ms.
Mono: successfully reloaded assembly
- Completed reload, in  1.755 seconds
Platform modules already initialized, skipping
Refreshing native plugins compatible for Editor in 0.40 ms, found 0 plugins.
Preloading 0 native plugins for Editor in 0.00 ms.
Unloading 1111 Unused Serialized files (Serialized files now loaded: 0)
System memory in use before: 60.4 MB.
System memory in use after: 60.5 MB.

Unloading 5 unused Assets to reduce memory usage. Loaded Objects now: 1601.
Total: 4.000100 ms (FindLiveObjects: 0.365900 ms CreateObjectMapping: 0.078700 ms MarkObjects: 3.436000 ms  DeleteObjects: 0.116100 ms)

========================================================================
Received Import Request.
  Time since last request: 848.031949 seconds.
  path: Assets/Scripts/ClickToMove.cs
  artifactKey: Guid(2a02fe0510984b844b0f43ffc01df682) Importer(815301076,1909f56bfc062723c751e8b465ee728b)
Start importing Assets/Scripts/ClickToMove.cs using Guid(2a02fe0510984b844b0f43ffc01df682) Importer(815301076,1909f56bfc062723c751e8b465ee728b)  -> (artifact id: 'f6a8646d18479b29bb1adf4035ecf759') in 0.033674 seconds
  Import took 0.040739 seconds .

========================================================================
Received Prepare
Registering precompiled user dll's ...
Registered in 0.000888 seconds.
Begin MonoManager ReloadAssembly
Symbol file data-0000020624D05FA0 doesn't match image C:\Users\Soyar\Google Drive\coding\Unity_Poject_1\Project 1\Library\ScriptAssemblies\Assembly-CSharp.dll
Symbol file LoadedFromMemory is not a mono symbol file
Native extension for WindowsStandalone target not found
Native extension for WebGL target not found
Refreshing native plugins compatible for Editor in 0.30 ms, found 0 plugins.
Preloading 0 native plugins for Editor in 0.00 ms.
Mono: successfully reloaded assembly
- Completed reload, in  1.371 seconds
Platform modules already initialized, skipping
Refreshing native plugins compatible for Editor in 0.30 ms, found 0 plugins.
Preloading 0 native plugins for Editor in 0.00 ms.
Unloading 1111 Unused Serialized files (Serialized files now loaded: 0)
System memory in use before: 60.4 MB.
System memory in use after: 60.5 MB.

Unloading 5 unused Assets to reduce memory usage. Loaded Objects now: 1604.
Total: 2.950100 ms (FindLiveObjects: 0.270100 ms CreateObjectMapping: 0.048700 ms MarkObjects: 2.531500 ms  DeleteObjects: 0.096700 ms)

========================================================================
Received Import Request.
  Time since last request: 678.325700 seconds.
  path: Assets/Scripts/ClickToMove.cs
  artifactKey: Guid(2a02fe0510984b844b0f43ffc01df682) Importer(815301076,1909f56bfc062723c751e8b465ee728b)
Start importing Assets/Scripts/ClickToMove.cs using Guid(2a02fe0510984b844b0f43ffc01df682) Importer(815301076,1909f56bfc062723c751e8b465ee728b)  -> (artifact id: 'f2a5ec2374f6ca2518a39fff68f97655') in 0.008843 seconds
  Import took 0.012495 seconds .

========================================================================
Received Import Request.
  Time since last request: 1364.339445 seconds.
  path: Assets/Scripts/ClickToMove.cs
  artifactKey: Guid(2a02fe0510984b844b0f43ffc01df682) Importer(815301076,1909f56bfc062723c751e8b465ee728b)
Start importing Assets/Scripts/ClickToMove.cs using Guid(2a02fe0510984b844b0f43ffc01df682) Importer(815301076,1909f56bfc062723c751e8b465ee728b)  -> (artifact id: '42364dfd044ab9a7d8a73a667d8550bf') in 0.005099 seconds
  Import took 0.008162 seconds .

========================================================================
Received Import Request.
  Time since last request: 0.047861 seconds.
  path: Assets/Scripts/ClickToMove.cs
  artifactKey: Guid(2a02fe0510984b844b0f43ffc01df682) Importer(815301076,1909f56bfc062723c751e8b465ee728b)
Start importing Assets/Scripts/ClickToMove.cs using Guid(2a02fe0510984b844b0f43ffc01df682) Importer(815301076,1909f56bfc062723c751e8b465ee728b)  -> (artifact id: '42364dfd044ab9a7d8a73a667d8550bf') in 0.006751 seconds
  Import took 0.009850 seconds .

========================================================================
Received Prepare
Registering precompiled user dll's ...
Registered in 0.001441 seconds.
Begin MonoManager ReloadAssembly
Native extension for WindowsStandalone target not found
Native extension for WebGL target not found
Refreshing native plugins compatible for Editor in 0.35 ms, found 0 plugins.
Preloading 0 native plugins for Editor in 0.00 ms.
Mono: successfully reloaded assembly
- Completed reload, in  1.812 seconds
Platform modules already initialized, skipping
Refreshing native plugins compatible for Editor in 0.28 ms, found 0 plugins.
Preloading 0 native plugins for Editor in 0.00 ms.
Unloading 1111 Unused Serialized files (Serialized files now loaded: 0)
System memory in use before: 60.5 MB.
System memory in use after: 60.5 MB.

Unloading 5 unused Assets to reduce memory usage. Loaded Objects now: 1607.
Total: 4.650700 ms (FindLiveObjects: 0.437700 ms CreateObjectMapping: 0.106400 ms MarkObjects: 3.997400 ms  DeleteObjects: 0.105800 ms)

========================================================================
Received Prepare
Registering precompiled user dll's ...
Registered in 0.001176 seconds.
Begin MonoManager ReloadAssembly
Native extension for WindowsStandalone target not found
Native extension for WebGL target not found
Refreshing native plugins compatible for Editor in 0.31 ms, found 0 plugins.
Preloading 0 native plugins for Editor in 0.00 ms.
Mono: successfully reloaded assembly
- Completed reload, in  1.564 seconds
Platform modules already initialized, skipping
Refreshing native plugins compatible for Editor in 0.47 ms, found 0 plugins.
Preloading 0 native plugins for Editor in 0.00 ms.
Unloading 1111 Unused Serialized files (Serialized files now loaded: 0)
System memory in use before: 60.5 MB.
System memory in use after: 60.5 MB.

Unloading 5 unused Assets to reduce memory usage. Loaded Objects now: 1610.
Total: 3.361000 ms (FindLiveObjects: 0.403800 ms CreateObjectMapping: 0.224800 ms MarkObjects: 2.650100 ms  DeleteObjects: 0.078500 ms)

========================================================================
Received Prepare
Registering precompiled user dll's ...
Registered in 0.001032 seconds.
Begin MonoManager ReloadAssembly
Native extension for WindowsStandalone target not found
Native extension for WebGL target not found
Refreshing native plugins compatible for Editor in 0.35 ms, found 0 plugins.
Preloading 0 native plugins for Editor in 0.00 ms.
Mono: successfully reloaded assembly
- Completed reload, in  1.581 seconds
Platform modules already initialized, skipping
Refreshing native plugins compatible for Editor in 0.37 ms, found 0 plugins.
Preloading 0 native plugins for Editor in 0.00 ms.
Unloading 1111 Unused Serialized files (Serialized files now loaded: 0)
System memory in use before: 60.5 MB.
System memory in use after: 60.5 MB.

Unloading 5 unused Assets to reduce memory usage. Loaded Objects now: 1613.
Total: 2.730100 ms (FindLiveObjects: 0.298800 ms CreateObjectMapping: 0.047900 ms MarkObjects: 2.202000 ms  DeleteObjects: 0.178900 ms)

========================================================================
Received Prepare
Registering precompiled user dll's ...
Registered in 0.001342 seconds.
Begin MonoManager ReloadAssembly
Native extension for WindowsStandalone target not found
Native extension for WebGL target not found
Refreshing native plugins compatible for Editor in 0.38 ms, found 0 plugins.
Preloading 0 native plugins for Editor in 0.00 ms.
Mono: successfully reloaded assembly
- Completed reload, in  1.755 seconds
Platform modules already initialized, skipping
Refreshing native plugins compatible for Editor in 0.32 ms, found 0 plugins.
Preloading 0 native plugins for Editor in 0.00 ms.
Unloading 1111 Unused Serialized files (Serialized files now loaded: 0)
System memory in use before: 60.5 MB.
System memory in use after: 60.6 MB.

Unloading 5 unused Assets to reduce memory usage. Loaded Objects now: 1616.
Total: 3.205400 ms (FindLiveObjects: 0.395700 ms CreateObjectMapping: 0.110400 ms MarkObjects: 2.588200 ms  DeleteObjects: 0.079800 ms)

========================================================================
Received Prepare
Registering precompiled user dll's ...
Registered in 0.001760 seconds.
Begin MonoManager ReloadAssembly
Native extension for WindowsStandalone target not found
Native extension for WebGL target not found
Refreshing native plugins compatible for Editor in 0.36 ms, found 0 plugins.
Preloading 0 native plugins for Editor in 0.00 ms.
Mono: successfully reloaded assembly
- Completed reload, in  1.499 seconds
Platform modules already initialized, skipping
Refreshing native plugins compatible for Editor in 0.37 ms, found 0 plugins.
Preloading 0 native plugins for Editor in 0.00 ms.
Unloading 1111 Unused Serialized files (Serialized files now loaded: 0)
System memory in use before: 60.5 MB.
System memory in use after: 60.6 MB.

Unloading 5 unused Assets to reduce memory usage. Loaded Objects now: 1619.
Total: 2.853900 ms (FindLiveObjects: 0.384000 ms CreateObjectMapping: 0.079800 ms MarkObjects: 2.300800 ms  DeleteObjects: 0.086900 ms)

========================================================================
Received Prepare
Registering precompiled user dll's ...
Registered in 0.001334 seconds.
Begin MonoManager ReloadAssembly
Native extension for WindowsStandalone target not found
Native extension for WebGL target not found
Refreshing native plugins compatible for Editor in 0.32 ms, found 0 plugins.
Preloading 0 native plugins for Editor in 0.00 ms.
Mono: successfully reloaded assembly
- Completed reload, in  1.512 seconds
Platform modules already initialized, skipping
Refreshing native plugins compatible for Editor in 0.27 ms, found 0 plugins.
Preloading 0 native plugins for Editor in 0.00 ms.
Unloading 1111 Unused Serialized files (Serialized files now loaded: 0)
System memory in use before: 60.5 MB.
System memory in use after: 60.6 MB.

Unloading 5 unused Assets to reduce memory usage. Loaded Objects now: 1622.
Total: 3.815200 ms (FindLiveObjects: 0.388500 ms CreateObjectMapping: 0.186800 ms MarkObjects: 3.082500 ms  DeleteObjects: 0.153800 ms)

========================================================================
Received Import Request.
  Time since last request: 369059.276830 seconds.
  path: ProjectSettings/TagManager.asset
  artifactKey: Guid(00000000000000003000000000000000) Importer(815301076,1909f56bfc062723c751e8b465ee728b)
Start importing ProjectSettings/TagManager.asset using Guid(00000000000000003000000000000000) Importer(815301076,1909f56bfc062723c751e8b465ee728b)  -> (artifact id: '0cf9088148c8a3cbd29f9a356fcbb966') in 0.048726 seconds
  Import took 0.053690 seconds .

========================================================================
Received Prepare
Registering precompiled user dll's ...
Registered in 0.001261 seconds.
Begin MonoManager ReloadAssembly
Native extension for WindowsStandalone target not found
Native extension for WebGL target not found
Refreshing native plugins compatible for Editor in 0.30 ms, found 0 plugins.
Preloading 0 native plugins for Editor in 0.00 ms.
Mono: successfully reloaded assembly
- Completed reload, in  1.707 seconds
Platform modules already initialized, skipping
Refreshing native plugins compatible for Editor in 0.40 ms, found 0 plugins.
Preloading 0 native plugins for Editor in 0.00 ms.
Unloading 1111 Unused Serialized files (Serialized files now loaded: 0)
System memory in use before: 60.5 MB.
System memory in use after: 60.6 MB.

Unloading 6 unused Assets to reduce memory usage. Loaded Objects now: 1625.
Total: 4.086700 ms (FindLiveObjects: 0.343100 ms CreateObjectMapping: 0.102000 ms MarkObjects: 3.534500 ms  DeleteObjects: 0.104100 ms)

========================================================================
Received Import Request.
  Time since last request: 1632.003333 seconds.
  path: Assets
  artifactKey: Guid(00000000000000001000000000000000) Importer(815301076,1909f56bfc062723c751e8b465ee728b)
Start importing Assets using Guid(00000000000000001000000000000000) Importer(815301076,1909f56bfc062723c751e8b465ee728b)  -> (artifact id: 'e4856052512617ee48189cf1d7999900') in 0.021044 seconds
  Import took 0.025133 seconds .

========================================================================
Received Import Request.
  Time since last request: 5.854232 seconds.
  path: Assets/Textures
  artifactKey: Guid(68215b565b1ae9a41a5f9e8474c7a704) Importer(815301076,1909f56bfc062723c751e8b465ee728b)
Start importing Assets/Textures using Guid(68215b565b1ae9a41a5f9e8474c7a704) Importer(815301076,1909f56bfc062723c751e8b465ee728b)  -> (artifact id: 'a41ff93c4ec36bcc09f35ac1c49df85f') in 0.018625 seconds
  Import took 0.022361 seconds .

========================================================================
Received Import Request.
  Time since last request: 3.274415 seconds.
  path: Assets/Scripts
  artifactKey: Guid(f947b8c833e207c48844658f2175e928) Importer(815301076,1909f56bfc062723c751e8b465ee728b)
Start importing Assets/Scripts using Guid(f947b8c833e207c48844658f2175e928) Importer(815301076,1909f56bfc062723c751e8b465ee728b)  -> (artifact id: '9a44a5cca2c77058e44116b32ed9f528') in 0.015172 seconds
  Import took 0.018735 seconds .

========================================================================
Received Import Request.
  Time since last request: 20.331295 seconds.
  path: Assets/Scripts/Systems
  artifactKey: Guid(c72e039dc7dfe3349a7fecd2884d8674) Importer(815301076,1909f56bfc062723c751e8b465ee728b)
Start importing Assets/Scripts/Systems using Guid(c72e039dc7dfe3349a7fecd2884d8674) Importer(815301076,1909f56bfc062723c751e8b465ee728b)  -> (artifact id: 'a41f158d53ef1fdc43e24e86af57ba5a') in 0.017192 seconds
  Import took 0.020611 seconds .

========================================================================
Received Import Request.
  Time since last request: 538.696690 seconds.
  path: Assets/Fantasy Cursor Pack/cursor(3).png
  artifactKey: Guid(9a9a513fe845f784cb7e6b240a45477c) Importer(815301076,1909f56bfc062723c751e8b465ee728b)
Start importing Assets/Fantasy Cursor Pack/cursor(3).png using Guid(9a9a513fe845f784cb7e6b240a45477c) Importer(815301076,1909f56bfc062723c751e8b465ee728b)  -> (artifact id: '60fde654a7067002d9690ef8e0997eca') in 0.127599 seconds
  Import took 0.130438 seconds .

========================================================================
Received Import Request.
  Time since last request: 0.000431 seconds.
  path: Assets/Fantasy Cursor Pack/cursor(4).png
  artifactKey: Guid(2f0836cf3bf136f4c9b46097290c2db2) Importer(815301076,1909f56bfc062723c751e8b465ee728b)
Start importing Assets/Fantasy Cursor Pack/cursor(4).png using Guid(2f0836cf3bf136f4c9b46097290c2db2) Importer(815301076,1909f56bfc062723c751e8b465ee728b)  -> (artifact id: 'bd55a3c96a4a7003997f310dda127ba1') in 0.045693 seconds
  Import took 0.049673 seconds .

========================================================================
Received Import Request.
  Time since last request: 0.000298 seconds.
  path: Assets/Fantasy Cursor Pack/cursor(7).png
  artifactKey: Guid(b56e6234cd04cae4480b73d35724b49b) Importer(815301076,1909f56bfc062723c751e8b465ee728b)
Start importing Assets/Fantasy Cursor Pack/cursor(7).png using Guid(b56e6234cd04cae4480b73d35724b49b) Importer(815301076,1909f56bfc062723c751e8b465ee728b)  -> (artifact id: '4da249e5d3e8bd27dcbf8f4eadc6d0f1') in 0.045830 seconds
  Import took 0.049502 seconds .

========================================================================
Received Import Request.
  Time since last request: 34.249617 seconds.
  path: Assets/Fantasy Cursor Pack
  artifactKey: Guid(ca5502d9f3c7d2040851dd7cb3fb1efe) Importer(815301076,1909f56bfc062723c751e8b465ee728b)
Start importing Assets/Fantasy Cursor Pack using Guid(ca5502d9f3c7d2040851dd7cb3fb1efe) Importer(815301076,1909f56bfc062723c751e8b465ee728b)  -> (artifact id: '03ae8c73265fd7bf54533e4fce5e0b13') in 0.013351 seconds
  Import took 0.018168 seconds .

========================================================================
Received Prepare
Registering precompiled user dll's ...
Registered in 0.001103 seconds.
Begin MonoManager ReloadAssembly
Native extension for WindowsStandalone target not found
Native extension for WebGL target not found
Refreshing native plugins compatible for Editor in 0.38 ms, found 0 plugins.
Preloading 0 native plugins for Editor in 0.00 ms.
Mono: successfully reloaded assembly
- Completed reload, in  1.677 seconds
Platform modules already initialized, skipping
Refreshing native plugins compatible for Editor in 0.60 ms, found 0 plugins.
Preloading 0 native plugins for Editor in 0.00 ms.
Unloading 1111 Unused Serialized files (Serialized files now loaded: 0)
System memory in use before: 60.5 MB.
System memory in use after: 60.6 MB.

Unloading 5 unused Assets to reduce memory usage. Loaded Objects now: 1632.
Total: 3.088500 ms (FindLiveObjects: 0.243800 ms CreateObjectMapping: 0.059600 ms MarkObjects: 2.701600 ms  DeleteObjects: 0.081600 ms)

========================================================================
Received Import Request.
  Time since last request: 1122.229739 seconds.
  path: Assets/Scripts/Systems/CameraFollow.cs
  artifactKey: Guid(aa3b424ce0abf534f9ee143659d0652e) Importer(815301076,1909f56bfc062723c751e8b465ee728b)
Start importing Assets/Scripts/Systems/CameraFollow.cs using Guid(aa3b424ce0abf534f9ee143659d0652e) Importer(815301076,1909f56bfc062723c751e8b465ee728b)  -> (artifact id: '3537d53ceb7d898158a3430090653bf4') in 0.019894 seconds
  Import took 0.024334 seconds .

========================================================================
Received Prepare
Registering precompiled user dll's ...
Registered in 0.001535 seconds.
Begin MonoManager ReloadAssembly
Native extension for WindowsStandalone target not found
Native extension for WebGL target not found
Refreshing native plugins compatible for Editor in 0.27 ms, found 0 plugins.
Preloading 0 native plugins for Editor in 0.00 ms.
Mono: successfully reloaded assembly
- Completed reload, in  1.827 seconds
Platform modules already initialized, skipping
Refreshing native plugins compatible for Editor in 2.16 ms, found 0 plugins.
Preloading 0 native plugins for Editor in 0.00 ms.
Unloading 1112 Unused Serialized files (Serialized files now loaded: 0)
System memory in use before: 60.6 MB.
System memory in use after: 60.6 MB.

Unloading 5 unused Assets to reduce memory usage. Loaded Objects now: 1636.
Total: 4.478300 ms (FindLiveObjects: 0.627200 ms CreateObjectMapping: 0.237200 ms MarkObjects: 3.469000 ms  DeleteObjects: 0.137400 ms)

========================================================================
Received Prepare
Registering precompiled user dll's ...
Registered in 0.001374 seconds.
Begin MonoManager ReloadAssembly
Native extension for WindowsStandalone target not found
Native extension for WebGL target not found
Refreshing native plugins compatible for Editor in 0.27 ms, found 0 plugins.
Preloading 0 native plugins for Editor in 0.00 ms.
Mono: successfully reloaded assembly
- Completed reload, in  1.429 seconds
Platform modules already initialized, skipping
Refreshing native plugins compatible for Editor in 0.31 ms, found 0 plugins.
Preloading 0 native plugins for Editor in 0.00 ms.
Unloading 1112 Unused Serialized files (Serialized files now loaded: 0)
System memory in use before: 60.6 MB.
System memory in use after: 60.6 MB.

Unloading 5 unused Assets to reduce memory usage. Loaded Objects now: 1639.
Total: 3.225500 ms (FindLiveObjects: 0.378000 ms CreateObjectMapping: 0.081800 ms MarkObjects: 2.668000 ms  DeleteObjects: 0.094000 ms)

========================================================================
Received Import Request.
  Time since last request: 1685.691080 seconds.
  path: Assets/Scripts/Systems/CameraFollow.cs
  artifactKey: Guid(aa3b424ce0abf534f9ee143659d0652e) Importer(815301076,1909f56bfc062723c751e8b465ee728b)
Start importing Assets/Scripts/Systems/CameraFollow.cs using Guid(aa3b424ce0abf534f9ee143659d0652e) Importer(815301076,1909f56bfc062723c751e8b465ee728b)  -> (artifact id: 'aa04ad3c7076e357a1ed6194ec5e86c2') in 0.015499 seconds
  Import took 0.018529 seconds .

========================================================================
Received Import Request.
  Time since last request: 2.503032 seconds.
  path: Assets/Scripts/Systems/CameraControl.cs
  artifactKey: Guid(aa3b424ce0abf534f9ee143659d0652e) Importer(815301076,1909f56bfc062723c751e8b465ee728b)
Start importing Assets/Scripts/Systems/CameraControl.cs using Guid(aa3b424ce0abf534f9ee143659d0652e) Importer(815301076,1909f56bfc062723c751e8b465ee728b)  -> (artifact id: 'f823ee13455822e4d01eb8d2622bbc3c') in 0.016619 seconds
  Import took 0.019469 seconds .

========================================================================
Received Prepare
Registering precompiled user dll's ...
Registered in 0.001092 seconds.
Begin MonoManager ReloadAssembly
Native extension for WindowsStandalone target not found
Native extension for WebGL target not found
Refreshing native plugins compatible for Editor in 0.34 ms, found 0 plugins.
Preloading 0 native plugins for Editor in 0.00 ms.
Mono: successfully reloaded assembly
- Completed reload, in  1.578 seconds
Platform modules already initialized, skipping
Refreshing native plugins compatible for Editor in 0.37 ms, found 0 plugins.
Preloading 0 native plugins for Editor in 0.00 ms.
Unloading 1112 Unused Serialized files (Serialized files now loaded: 0)
System memory in use before: 60.6 MB.
System memory in use after: 60.6 MB.

Unloading 5 unused Assets to reduce memory usage. Loaded Objects now: 1642.
Total: 4.095200 ms (FindLiveObjects: 0.209300 ms CreateObjectMapping: 0.038400 ms MarkObjects: 3.569200 ms  DeleteObjects: 0.274900 ms)

========================================================================
Received Prepare
Registering precompiled user dll's ...
Registered in 0.001229 seconds.
Begin MonoManager ReloadAssembly
Native extension for WindowsStandalone target not found
Native extension for WebGL target not found
Refreshing native plugins compatible for Editor in 0.40 ms, found 0 plugins.
Preloading 0 native plugins for Editor in 0.00 ms.
Mono: successfully reloaded assembly
- Completed reload, in  1.610 seconds
Platform modules already initialized, skipping
Refreshing native plugins compatible for Editor in 0.35 ms, found 0 plugins.
Preloading 0 native plugins for Editor in 0.00 ms.
Unloading 1112 Unused Serialized files (Serialized files now loaded: 0)
System memory in use before: 60.6 MB.
System memory in use after: 60.6 MB.

Unloading 5 unused Assets to reduce memory usage. Loaded Objects now: 1645.
Total: 4.387400 ms (FindLiveObjects: 0.334300 ms CreateObjectMapping: 0.062200 ms MarkObjects: 3.883800 ms  DeleteObjects: 0.104400 ms)

========================================================================
Received Prepare
Registering precompiled user dll's ...
Registered in 0.001017 seconds.
Begin MonoManager ReloadAssembly
Native extension for WindowsStandalone target not found
Native extension for WebGL target not found
Refreshing native plugins compatible for Editor in 0.26 ms, found 0 plugins.
Preloading 0 native plugins for Editor in 0.00 ms.
Mono: successfully reloaded assembly
- Completed reload, in  1.541 seconds
Platform modules already initialized, skipping
Refreshing native plugins compatible for Editor in 0.34 ms, found 0 plugins.
Preloading 0 native plugins for Editor in 0.00 ms.
Unloading 1112 Unused Serialized files (Serialized files now loaded: 0)
System memory in use before: 60.6 MB.
System memory in use after: 60.6 MB.

Unloading 5 unused Assets to reduce memory usage. Loaded Objects now: 1648.
Total: 3.298500 ms (FindLiveObjects: 0.403300 ms CreateObjectMapping: 0.155400 ms MarkObjects: 2.648500 ms  DeleteObjects: 0.088300 ms)

========================================================================
Received Prepare
Registering precompiled user dll's ...
Registered in 0.001656 seconds.
Begin MonoManager ReloadAssembly
Native extension for WindowsStandalone target not found
Native extension for WebGL target not found
Refreshing native plugins compatible for Editor in 0.32 ms, found 0 plugins.
Preloading 0 native plugins for Editor in 0.00 ms.
Mono: successfully reloaded assembly
- Completed reload, in  1.423 seconds
Platform modules already initialized, skipping
Refreshing native plugins compatible for Editor in 0.38 ms, found 0 plugins.
Preloading 0 native plugins for Editor in 0.00 ms.
Unloading 1112 Unused Serialized files (Serialized files now loaded: 0)
System memory in use before: 60.6 MB.
System memory in use after: 60.7 MB.

Unloading 5 unused Assets to reduce memory usage. Loaded Objects now: 1651.
Total: 3.722500 ms (FindLiveObjects: 0.383000 ms CreateObjectMapping: 0.098900 ms MarkObjects: 3.144000 ms  DeleteObjects: 0.093400 ms)

========================================================================
Received Prepare
Registering precompiled user dll's ...
Registered in 0.001092 seconds.
Begin MonoManager ReloadAssembly
Native extension for WindowsStandalone target not found
Native extension for WebGL target not found
Refreshing native plugins compatible for Editor in 0.36 ms, found 0 plugins.
Preloading 0 native plugins for Editor in 0.00 ms.
Mono: successfully reloaded assembly
- Completed reload, in  1.628 seconds
Platform modules already initialized, skipping
Refreshing native plugins compatible for Editor in 0.29 ms, found 0 plugins.
Preloading 0 native plugins for Editor in 0.00 ms.
Unloading 1112 Unused Serialized files (Serialized files now loaded: 0)
System memory in use before: 60.6 MB.
System memory in use after: 60.7 MB.

Unloading 5 unused Assets to reduce memory usage. Loaded Objects now: 1654.
Total: 4.100100 ms (FindLiveObjects: 0.335900 ms CreateObjectMapping: 0.099800 ms MarkObjects: 3.572900 ms  DeleteObjects: 0.089300 ms)

========================================================================
Received Prepare
Registering precompiled user dll's ...
Registered in 0.001382 seconds.
Begin MonoManager ReloadAssembly
Native extension for WindowsStandalone target not found
Native extension for WebGL target not found
Refreshing native plugins compatible for Editor in 0.36 ms, found 0 plugins.
Preloading 0 native plugins for Editor in 0.00 ms.
Mono: successfully reloaded assembly
- Completed reload, in  1.655 seconds
Platform modules already initialized, skipping
Refreshing native plugins compatible for Editor in 0.42 ms, found 0 plugins.
Preloading 0 native plugins for Editor in 0.00 ms.
Unloading 1112 Unused Serialized files (Serialized files now loaded: 0)
System memory in use before: 60.6 MB.
System memory in use after: 60.7 MB.

Unloading 5 unused Assets to reduce memory usage. Loaded Objects now: 1657.
Total: 4.121900 ms (FindLiveObjects: 0.688200 ms CreateObjectMapping: 0.151600 ms MarkObjects: 3.178000 ms  DeleteObjects: 0.100900 ms)

========================================================================
Received Prepare
Registering precompiled user dll's ...
Registered in 0.001133 seconds.
Begin MonoManager ReloadAssembly
Native extension for WindowsStandalone target not found
Native extension for WebGL target not found
Refreshing native plugins compatible for Editor in 0.27 ms, found 0 plugins.
Preloading 0 native plugins for Editor in 0.00 ms.
Mono: successfully reloaded assembly
- Completed reload, in  1.489 seconds
Platform modules already initialized, skipping
Refreshing native plugins compatible for Editor in 0.33 ms, found 0 plugins.
Preloading 0 native plugins for Editor in 0.00 ms.
Unloading 1112 Unused Serialized files (Serialized files now loaded: 0)
System memory in use before: 60.6 MB.
System memory in use after: 60.7 MB.

Unloading 5 unused Assets to reduce memory usage. Loaded Objects now: 1660.
Total: 2.679400 ms (FindLiveObjects: 0.333400 ms CreateObjectMapping: 0.088000 ms MarkObjects: 2.175300 ms  DeleteObjects: 0.080300 ms)

========================================================================
Received Prepare
Registering precompiled user dll's ...
Registered in 0.001068 seconds.
Begin MonoManager ReloadAssembly
Native extension for WindowsStandalone target not found
Native extension for WebGL target not found
Refreshing native plugins compatible for Editor in 0.30 ms, found 0 plugins.
Preloading 0 native plugins for Editor in 0.00 ms.
Mono: successfully reloaded assembly
- Completed reload, in  1.482 seconds
Platform modules already initialized, skipping
Refreshing native plugins compatible for Editor in 0.31 ms, found 0 plugins.
Preloading 0 native plugins for Editor in 0.00 ms.
Unloading 1112 Unused Serialized files (Serialized files now loaded: 0)
System memory in use before: 60.6 MB.
System memory in use after: 60.7 MB.

Unloading 5 unused Assets to reduce memory usage. Loaded Objects now: 1663.
Total: 4.448000 ms (FindLiveObjects: 0.453600 ms CreateObjectMapping: 0.140700 ms MarkObjects: 3.749200 ms  DeleteObjects: 0.100500 ms)

========================================================================
Received Prepare
Registering precompiled user dll's ...
Registered in 0.001056 seconds.
Begin MonoManager ReloadAssembly
Native extension for WindowsStandalone target not found
Native extension for WebGL target not found
Refreshing native plugins compatible for Editor in 0.27 ms, found 0 plugins.
Preloading 0 native plugins for Editor in 0.00 ms.
Mono: successfully reloaded assembly
- Completed reload, in  1.785 seconds
Platform modules already initialized, skipping
Refreshing native plugins compatible for Editor in 0.24 ms, found 0 plugins.
Preloading 0 native plugins for Editor in 0.00 ms.
Unloading 1112 Unused Serialized files (Serialized files now loaded: 0)
System memory in use before: 60.6 MB.
System memory in use after: 60.7 MB.

Unloading 5 unused Assets to reduce memory usage. Loaded Objects now: 1666.
Total: 3.748700 ms (FindLiveObjects: 0.413800 ms CreateObjectMapping: 0.170500 ms MarkObjects: 3.061300 ms  DeleteObjects: 0.100100 ms)

========================================================================
Received Import Request.
  Time since last request: 3057.850233 seconds.
  path: Assets/Scripts/BaseClass.cs
  artifactKey: Guid(6db0c816478d18a4ab82ad8232aec968) Importer(815301076,1909f56bfc062723c751e8b465ee728b)
Start importing Assets/Scripts/BaseClass.cs using Guid(6db0c816478d18a4ab82ad8232aec968) Importer(815301076,1909f56bfc062723c751e8b465ee728b)  -> (artifact id: 'ac3ad36f3f1099ac2ec72df827edaee3') in 0.021302 seconds
  Import took 0.025592 seconds .

========================================================================
Received Prepare
Registering precompiled user dll's ...
Registered in 0.001509 seconds.
Begin MonoManager ReloadAssembly
Native extension for WindowsStandalone target not found
Native extension for WebGL target not found
Refreshing native plugins compatible for Editor in 0.49 ms, found 0 plugins.
Preloading 0 native plugins for Editor in 0.00 ms.
Mono: successfully reloaded assembly
- Completed reload, in  1.952 seconds
Platform modules already initialized, skipping
Refreshing native plugins compatible for Editor in 0.70 ms, found 0 plugins.
Preloading 0 native plugins for Editor in 0.00 ms.
Unloading 1113 Unused Serialized files (Serialized files now loaded: 0)
System memory in use before: 60.6 MB.
System memory in use after: 60.7 MB.

Unloading 5 unused Assets to reduce memory usage. Loaded Objects now: 1670.
Total: 4.070900 ms (FindLiveObjects: 0.543400 ms CreateObjectMapping: 0.145700 ms MarkObjects: 3.284400 ms  DeleteObjects: 0.092500 ms)

========================================================================
Received Prepare
Registering precompiled user dll's ...
Registered in 0.001663 seconds.
Begin MonoManager ReloadAssembly
Native extension for WindowsStandalone target not found
Native extension for WebGL target not found
Refreshing native plugins compatible for Editor in 0.37 ms, found 0 plugins.
Preloading 0 native plugins for Editor in 0.00 ms.
Mono: successfully reloaded assembly
- Completed reload, in  1.721 seconds
Platform modules already initialized, skipping
Refreshing native plugins compatible for Editor in 0.65 ms, found 0 plugins.
Preloading 0 native plugins for Editor in 0.00 ms.
Unloading 1113 Unused Serialized files (Serialized files now loaded: 0)
System memory in use before: 60.6 MB.
System memory in use after: 60.7 MB.

Unloading 5 unused Assets to reduce memory usage. Loaded Objects now: 1673.
Total: 3.572200 ms (FindLiveObjects: 0.208900 ms CreateObjectMapping: 0.037900 ms MarkObjects: 3.199100 ms  DeleteObjects: 0.122900 ms)

========================================================================
Received Import Request.
  Time since last request: 1671.952633 seconds.
  path: Assets/Scripts/BaseClass.cs
  artifactKey: Guid(6db0c816478d18a4ab82ad8232aec968) Importer(815301076,1909f56bfc062723c751e8b465ee728b)
Start importing Assets/Scripts/BaseClass.cs using Guid(6db0c816478d18a4ab82ad8232aec968) Importer(815301076,1909f56bfc062723c751e8b465ee728b)  -> (artifact id: 'dab8e63eef8bb4fe213d73e0dd3003b4') in 0.023397 seconds
  Import took 0.027322 seconds .

========================================================================
Received Import Request.
  Time since last request: 12.633675 seconds.
  path: Assets/Scripts/PlayerBehaviour.cs
  artifactKey: Guid(fdc4e5ffa76fb1548b9ff34df3cbc9cf) Importer(815301076,1909f56bfc062723c751e8b465ee728b)
Start importing Assets/Scripts/PlayerBehaviour.cs using Guid(fdc4e5ffa76fb1548b9ff34df3cbc9cf) Importer(815301076,1909f56bfc062723c751e8b465ee728b)  -> (artifact id: 'daca0e5350307c93b410aa64e31528b6') in 0.016621 seconds
  Import took 0.021327 seconds .

========================================================================
Received Prepare
Registering precompiled user dll's ...
Registered in 0.001006 seconds.
Begin MonoManager ReloadAssembly
Native extension for WindowsStandalone target not found
Native extension for WebGL target not found
Refreshing native plugins compatible for Editor in 0.49 ms, found 0 plugins.
Preloading 0 native plugins for Editor in 0.00 ms.
Mono: successfully reloaded assembly
- Completed reload, in  2.160 seconds
Platform modules already initialized, skipping
Refreshing native plugins compatible for Editor in 0.31 ms, found 0 plugins.
Preloading 0 native plugins for Editor in 0.00 ms.
Unloading 1114 Unused Serialized files (Serialized files now loaded: 0)
System memory in use before: 60.7 MB.
System memory in use after: 60.7 MB.

Unloading 5 unused Assets to reduce memory usage. Loaded Objects now: 1677.
Total: 3.059100 ms (FindLiveObjects: 0.550000 ms CreateObjectMapping: 0.086000 ms MarkObjects: 2.324700 ms  DeleteObjects: 0.095500 ms)

========================================================================
Received Prepare
Registering precompiled user dll's ...
Registered in 0.001436 seconds.
Begin MonoManager ReloadAssembly
Native extension for WindowsStandalone target not found
Native extension for WebGL target not found
Refreshing native plugins compatible for Editor in 0.47 ms, found 0 plugins.
Preloading 0 native plugins for Editor in 0.00 ms.
Mono: successfully reloaded assembly
- Completed reload, in  1.914 seconds
Platform modules already initialized, skipping
Refreshing native plugins compatible for Editor in 0.41 ms, found 0 plugins.
Preloading 0 native plugins for Editor in 0.00 ms.
Unloading 1114 Unused Serialized files (Serialized files now loaded: 0)
System memory in use before: 60.7 MB.
System memory in use after: 60.7 MB.

Unloading 5 unused Assets to reduce memory usage. Loaded Objects now: 1680.
Total: 5.657700 ms (FindLiveObjects: 0.396100 ms CreateObjectMapping: 0.206300 ms MarkObjects: 4.907200 ms  DeleteObjects: 0.144200 ms)

========================================================================
Received Import Request.
  Time since last request: 181.609706 seconds.
  path: Assets/Prefabs
  artifactKey: Guid(70b33af18fe34374e842f57e9e0a5b2e) Importer(815301076,1909f56bfc062723c751e8b465ee728b)
Start importing Assets/Prefabs using Guid(70b33af18fe34374e842f57e9e0a5b2e) Importer(815301076,1909f56bfc062723c751e8b465ee728b)  -> (artifact id: 'bbca12ca37ac7edf59ce1697c2a81eae') in 0.021672 seconds
  Import took 0.025706 seconds .

========================================================================
Received Import Request.
  Time since last request: 4.650796 seconds.
  path: Assets/Prefabs/Player.prefab
  artifactKey: Guid(1ecfd68c1ba3053448ebb7286241e5d9) Importer(815301076,1909f56bfc062723c751e8b465ee728b)
Start importing Assets/Prefabs/Player.prefab using Guid(1ecfd68c1ba3053448ebb7286241e5d9) Importer(815301076,1909f56bfc062723c751e8b465ee728b)  -> (artifact id: '55b9fe0b8a3fe8e6131e98e9c468d8d1') in 0.153928 seconds
  Import took 0.158698 seconds .

========================================================================
Received Import Request.
  Time since last request: 0.005777 seconds.
  path: Assets/Prefabs/Player.prefab
  artifactKey: Guid(1ecfd68c1ba3053448ebb7286241e5d9) Importer(815301076,1909f56bfc062723c751e8b465ee728b)
Start importing Assets/Prefabs/Player.prefab using Guid(1ecfd68c1ba3053448ebb7286241e5d9) Importer(815301076,1909f56bfc062723c751e8b465ee728b)  -> (artifact id: '55b9fe0b8a3fe8e6131e98e9c468d8d1') in 0.016707 seconds
  Import took 0.020622 seconds .

========================================================================
Received Prepare
Registering precompiled user dll's ...
Registered in 0.001373 seconds.
Begin MonoManager ReloadAssembly
Native extension for WindowsStandalone target not found
Native extension for WebGL target not found
Refreshing native plugins compatible for Editor in 0.53 ms, found 0 plugins.
Preloading 0 native plugins for Editor in 0.00 ms.
Mono: successfully reloaded assembly
- Completed reload, in  1.817 seconds
Platform modules already initialized, skipping
Refreshing native plugins compatible for Editor in 0.41 ms, found 0 plugins.
Preloading 0 native plugins for Editor in 0.00 ms.
Unloading 1114 Unused Serialized files (Serialized files now loaded: 0)
System memory in use before: 60.7 MB.
System memory in use after: 60.8 MB.

Unloading 6 unused Assets to reduce memory usage. Loaded Objects now: 1686.
Total: 4.770900 ms (FindLiveObjects: 1.295500 ms CreateObjectMapping: 0.190900 ms MarkObjects: 3.171500 ms  DeleteObjects: 0.109300 ms)

========================================================================
Received Import Request.
  Time since last request: 159.152031 seconds.
  path: Assets/Prefabs/Player.prefab
  artifactKey: Guid(1ecfd68c1ba3053448ebb7286241e5d9) Importer(815301076,1909f56bfc062723c751e8b465ee728b)
Start importing Assets/Prefabs/Player.prefab using Guid(1ecfd68c1ba3053448ebb7286241e5d9) Importer(815301076,1909f56bfc062723c751e8b465ee728b)  -> (artifact id: '6315e9da6fb2f77de14904b9ec0a98fe') in 0.113857 seconds
  Import took 0.120248 seconds .

========================================================================
Received Prepare
Registering precompiled user dll's ...
Registered in 0.000994 seconds.
Begin MonoManager ReloadAssembly
Native extension for WindowsStandalone target not found
Native extension for WebGL target not found
Refreshing native plugins compatible for Editor in 0.42 ms, found 0 plugins.
Preloading 0 native plugins for Editor in 0.00 ms.
Mono: successfully reloaded assembly
- Completed reload, in  1.774 seconds
Platform modules already initialized, skipping
Refreshing native plugins compatible for Editor in 0.26 ms, found 0 plugins.
Preloading 0 native plugins for Editor in 0.00 ms.
Unloading 1114 Unused Serialized files (Serialized files now loaded: 0)
System memory in use before: 60.8 MB.
System memory in use after: 60.8 MB.

Unloading 6 unused Assets to reduce memory usage. Loaded Objects now: 1690.
Total: 3.351300 ms (FindLiveObjects: 0.242000 ms CreateObjectMapping: 0.051800 ms MarkObjects: 2.964900 ms  DeleteObjects: 0.089500 ms)

========================================================================
Received Import Request.
  Time since last request: 223.060027 seconds.
  path: Assets/Prefabs/Player.prefab
  artifactKey: Guid(1ecfd68c1ba3053448ebb7286241e5d9) Importer(815301076,1909f56bfc062723c751e8b465ee728b)
Start importing Assets/Prefabs/Player.prefab using Guid(1ecfd68c1ba3053448ebb7286241e5d9) Importer(815301076,1909f56bfc062723c751e8b465ee728b)  -> (artifact id: '3bf570606f73c59a0b03dbb55b0f9b54') in 0.125098 seconds
  Import took 0.129421 seconds .

========================================================================
Received Prepare
Registering precompiled user dll's ...
Registered in 0.001216 seconds.
Begin MonoManager ReloadAssembly
Native extension for WindowsStandalone target not found
Native extension for WebGL target not found
Refreshing native plugins compatible for Editor in 0.61 ms, found 0 plugins.
Preloading 0 native plugins for Editor in 0.00 ms.
Mono: successfully reloaded assembly
- Completed reload, in  1.886 seconds
Platform modules already initialized, skipping
Refreshing native plugins compatible for Editor in 0.36 ms, found 0 plugins.
Preloading 0 native plugins for Editor in 0.00 ms.
Unloading 1114 Unused Serialized files (Serialized files now loaded: 0)
System memory in use before: 60.8 MB.
System memory in use after: 60.8 MB.

Unloading 6 unused Assets to reduce memory usage. Loaded Objects now: 1694.
Total: 3.438300 ms (FindLiveObjects: 0.338300 ms CreateObjectMapping: 0.065900 ms MarkObjects: 2.911400 ms  DeleteObjects: 0.120000 ms)

========================================================================
Received Prepare
Registering precompiled user dll's ...
Registered in 0.001551 seconds.
Begin MonoManager ReloadAssembly
Native extension for WindowsStandalone target not found
Native extension for WebGL target not found
Refreshing native plugins compatible for Editor in 0.28 ms, found 0 plugins.
Preloading 0 native plugins for Editor in 0.00 ms.
Mono: successfully reloaded assembly
- Completed reload, in  1.596 seconds
Platform modules already initialized, skipping
Refreshing native plugins compatible for Editor in 0.36 ms, found 0 plugins.
Preloading 0 native plugins for Editor in 0.00 ms.
Unloading 1114 Unused Serialized files (Serialized files now loaded: 0)
System memory in use before: 60.8 MB.
System memory in use after: 60.9 MB.

Unloading 5 unused Assets to reduce memory usage. Loaded Objects now: 1697.
Total: 2.978300 ms (FindLiveObjects: 0.436200 ms CreateObjectMapping: 0.161900 ms MarkObjects: 2.293900 ms  DeleteObjects: 0.083900 ms)

========================================================================
Received Import Request.
  Time since last request: 88.918064 seconds.
  path: Assets/Prefabs/Player.prefab
  artifactKey: Guid(1ecfd68c1ba3053448ebb7286241e5d9) Importer(815301076,1909f56bfc062723c751e8b465ee728b)
Start importing Assets/Prefabs/Player.prefab using Guid(1ecfd68c1ba3053448ebb7286241e5d9) Importer(815301076,1909f56bfc062723c751e8b465ee728b)  -> (artifact id: '06e5a6797dc5b5fa457d49a9e282874b') in 0.116499 seconds
  Import took 0.120090 seconds .

========================================================================
Received Prepare
Registering precompiled user dll's ...
Registered in 0.001749 seconds.
Begin MonoManager ReloadAssembly
Native extension for WindowsStandalone target not found
Native extension for WebGL target not found
Refreshing native plugins compatible for Editor in 0.51 ms, found 0 plugins.
Preloading 0 native plugins for Editor in 0.00 ms.
Mono: successfully reloaded assembly
- Completed reload, in  1.573 seconds
Platform modules already initialized, skipping
Refreshing native plugins compatible for Editor in 0.34 ms, found 0 plugins.
Preloading 0 native plugins for Editor in 0.00 ms.
Unloading 1114 Unused Serialized files (Serialized files now loaded: 0)
System memory in use before: 60.8 MB.
System memory in use after: 60.9 MB.

Unloading 6 unused Assets to reduce memory usage. Loaded Objects now: 1701.
Total: 3.405500 ms (FindLiveObjects: 0.297500 ms CreateObjectMapping: 0.051300 ms MarkObjects: 2.956200 ms  DeleteObjects: 0.097100 ms)

========================================================================
Received Import Request.
  Time since last request: 105.766485 seconds.
  path: Assets/Prefabs/Player.prefab
  artifactKey: Guid(1ecfd68c1ba3053448ebb7286241e5d9) Importer(815301076,1909f56bfc062723c751e8b465ee728b)
Start importing Assets/Prefabs/Player.prefab using Guid(1ecfd68c1ba3053448ebb7286241e5d9) Importer(815301076,1909f56bfc062723c751e8b465ee728b)  -> (artifact id: 'cf0ad2717367ca74eb2e152b998486fb') in 0.123985 seconds
  Import took 0.127986 seconds .

========================================================================
Received Import Request.
  Time since last request: 2173.598968 seconds.
  path: Assets/Scripts/Systems/LevelCalculation.cs
  artifactKey: Guid(5023aa27a23274443846d9de290be44c) Importer(815301076,1909f56bfc062723c751e8b465ee728b)
Start importing Assets/Scripts/Systems/LevelCalculation.cs using Guid(5023aa27a23274443846d9de290be44c) Importer(815301076,1909f56bfc062723c751e8b465ee728b)  -> (artifact id: '73c28c4835d9fb77ba242a761dc1247f') in 0.019886 seconds
  Import took 0.024550 seconds .

========================================================================
Received Prepare
Registering precompiled user dll's ...
Registered in 0.001519 seconds.
Begin MonoManager ReloadAssembly
Native extension for WindowsStandalone target not found
Native extension for WebGL target not found
Refreshing native plugins compatible for Editor in 0.31 ms, found 0 plugins.
Preloading 0 native plugins for Editor in 0.00 ms.
Mono: successfully reloaded assembly
- Completed reload, in  1.585 seconds
Platform modules already initialized, skipping
Refreshing native plugins compatible for Editor in 0.34 ms, found 0 plugins.
Preloading 0 native plugins for Editor in 0.00 ms.
Unloading 1115 Unused Serialized files (Serialized files now loaded: 0)
System memory in use before: 60.8 MB.
System memory in use after: 60.9 MB.

Unloading 6 unused Assets to reduce memory usage. Loaded Objects now: 1706.
Total: 3.139800 ms (FindLiveObjects: 0.374900 ms CreateObjectMapping: 0.080800 ms MarkObjects: 2.588300 ms  DeleteObjects: 0.093800 ms)

